<?xml version="1.0" encoding="UTF-8"?>
<coverage generated="1727458829221" clover="3.2.0">
  <project timestamp="1727458829221" name="All files">
    <metrics statements="317" coveredstatements="191" conditionals="58" coveredconditionals="34" methods="43" coveredmethods="18" elements="418" coveredelements="243" complexity="0" loc="317" ncloc="317" packages="5" files="18" classes="18"/>
    <package name="controllers">
      <metrics statements="143" coveredstatements="85" conditionals="28" coveredconditionals="12" methods="21" coveredmethods="10"/>
      <file name="agendamentoController.js" path="/home/breno/Área de Trabalho/testesBack/back-end/controllers/agendamentoController.js">
        <metrics statements="72" coveredstatements="21" conditionals="10" coveredconditionals="1" methods="12" coveredmethods="1"/>
        <line num="1" count="1" type="stmt"/>
        <line num="2" count="1" type="stmt"/>
        <line num="3" count="1" type="stmt"/>
        <line num="4" count="1" type="stmt"/>
        <line num="5" count="1" type="stmt"/>
        <line num="6" count="1" type="stmt"/>
        <line num="8" count="1" type="stmt"/>
        <line num="10" count="2" type="stmt"/>
        <line num="11" count="2" type="stmt"/>
        <line num="12" count="2" type="stmt"/>
        <line num="14" count="2" type="stmt"/>
        <line num="15" count="1" type="stmt"/>
        <line num="17" count="1" type="stmt"/>
        <line num="19" count="1" type="cond" truecount="1" falsecount="1"/>
        <line num="20" count="1" type="stmt"/>
        <line num="21" count="2" type="stmt"/>
        <line num="30" count="2" type="stmt"/>
        <line num="31" count="2" type="stmt"/>
        <line num="33" count="1" type="stmt"/>
        <line num="35" count="0" type="stmt"/>
        <line num="44" count="0" type="stmt"/>
        <line num="45" count="0" type="stmt"/>
        <line num="46" count="0" type="stmt"/>
        <line num="50" count="1" type="stmt"/>
        <line num="55" count="0" type="stmt"/>
        <line num="56" count="0" type="stmt"/>
        <line num="57" count="0" type="stmt"/>
        <line num="58" count="0" type="stmt"/>
        <line num="59" count="0" type="stmt"/>
        <line num="60" count="0" type="stmt"/>
        <line num="61" count="0" type="stmt"/>
        <line num="63" count="0" type="stmt"/>
        <line num="65" count="0" type="stmt"/>
        <line num="66" count="0" type="cond" truecount="0" falsecount="2"/>
        <line num="68" count="0" type="stmt"/>
        <line num="72" count="0" type="stmt"/>
        <line num="74" count="0" type="stmt"/>
        <line num="75" count="0" type="stmt"/>
        <line num="78" count="0" type="stmt"/>
        <line num="80" count="0" type="stmt"/>
        <line num="81" count="0" type="cond" truecount="0" falsecount="2"/>
        <line num="83" count="0" type="cond" truecount="0" falsecount="4"/>
        <line num="84" count="0" type="stmt"/>
        <line num="88" count="0" type="stmt"/>
        <line num="90" count="0" type="stmt"/>
        <line num="91" count="0" type="stmt"/>
        <line num="94" count="0" type="stmt"/>
        <line num="98" count="0" type="stmt"/>
        <line num="103" count="0" type="stmt"/>
        <line num="104" count="0" type="stmt"/>
        <line num="106" count="0" type="stmt"/>
        <line num="108" count="0" type="stmt"/>
        <line num="109" count="0" type="stmt"/>
        <line num="111" count="0" type="stmt"/>
        <line num="112" count="0" type="stmt"/>
        <line num="113" count="0" type="stmt"/>
        <line num="124" count="0" type="stmt"/>
        <line num="126" count="0" type="stmt"/>
        <line num="129" count="0" type="stmt"/>
        <line num="134" count="0" type="stmt"/>
        <line num="135" count="0" type="stmt"/>
        <line num="136" count="0" type="stmt"/>
        <line num="138" count="0" type="stmt"/>
        <line num="139" count="0" type="stmt"/>
        <line num="141" count="0" type="stmt"/>
        <line num="142" count="0" type="stmt"/>
        <line num="143" count="0" type="stmt"/>
        <line num="144" count="0" type="stmt"/>
        <line num="146" count="0" type="stmt"/>
        <line num="155" count="0" type="stmt"/>
        <line num="158" count="0" type="stmt"/>
        <line num="163" count="1" type="stmt"/>
      </file>
      <file name="horarioController.js" path="/home/breno/Área de Trabalho/testesBack/back-end/controllers/horarioController.js">
        <metrics statements="71" coveredstatements="64" conditionals="18" coveredconditionals="11" methods="9" coveredmethods="9"/>
        <line num="1" count="1" type="stmt"/>
        <line num="2" count="1" type="stmt"/>
        <line num="5" count="1" type="stmt"/>
        <line num="7" count="3" type="stmt"/>
        <line num="8" count="3" type="stmt"/>
        <line num="9" count="3" type="stmt"/>
        <line num="11" count="2" type="cond" truecount="2" falsecount="0"/>
        <line num="12" count="1" type="stmt"/>
        <line num="15" count="1" type="stmt"/>
        <line num="16" count="3" type="stmt"/>
        <line num="18" count="1" type="stmt"/>
        <line num="21" count="1" type="stmt"/>
        <line num="26" count="2" type="stmt"/>
        <line num="27" count="2" type="stmt"/>
        <line num="28" count="2" type="stmt"/>
        <line num="29" count="2" type="stmt"/>
        <line num="31" count="2" type="stmt"/>
        <line num="32" count="1" type="stmt"/>
        <line num="33" count="1" type="stmt"/>
        <line num="34" count="1" type="stmt"/>
        <line num="36" count="1" type="cond" truecount="1" falsecount="1"/>
        <line num="37" count="0" type="stmt"/>
        <line num="43" count="1" type="cond" truecount="3" falsecount="1"/>
        <line num="44" count="1" type="stmt"/>
        <line num="48" count="0" type="stmt"/>
        <line num="52" count="1" type="stmt"/>
        <line num="57" count="2" type="stmt"/>
        <line num="58" count="2" type="stmt"/>
        <line num="59" count="2" type="stmt"/>
        <line num="60" count="2" type="stmt"/>
        <line num="61" count="2" type="stmt"/>
        <line num="63" count="2" type="stmt"/>
        <line num="64" count="1" type="stmt"/>
        <line num="66" count="1" type="stmt"/>
        <line num="69" count="2" type="cond" truecount="1" falsecount="1"/>
        <line num="70" count="0" type="stmt"/>
        <line num="71" count="0" type="stmt"/>
        <line num="74" count="2" type="stmt"/>
        <line num="75" count="2" type="stmt"/>
        <line num="79" count="2" type="cond" truecount="1" falsecount="1"/>
        <line num="80" count="2" type="stmt"/>
        <line num="82" count="2" type="stmt"/>
        <line num="84" count="2" type="stmt"/>
        <line num="86" count="2" type="stmt"/>
        <line num="87" count="16" type="stmt"/>
        <line num="90" count="16" type="cond" truecount="1" falsecount="1"/>
        <line num="91" count="0" type="stmt"/>
        <line num="94" count="2" type="stmt"/>
        <line num="97" count="1" type="stmt"/>
        <line num="98" count="2" type="stmt"/>
        <line num="101" count="1" type="stmt"/>
        <line num="104" count="1" type="stmt"/>
        <line num="109" count="2" type="stmt"/>
        <line num="110" count="2" type="stmt"/>
        <line num="113" count="2" type="stmt"/>
        <line num="114" count="2" type="cond" truecount="1" falsecount="1"/>
        <line num="115" count="2" type="stmt"/>
        <line num="119" count="0" type="stmt"/>
        <line num="123" count="1" type="stmt"/>
        <line num="126" count="1" type="stmt"/>
        <line num="131" count="4" type="stmt"/>
        <line num="132" count="4" type="stmt"/>
        <line num="133" count="4" type="stmt"/>
        <line num="134" count="4" type="stmt"/>
        <line num="135" count="3" type="stmt"/>
        <line num="137" count="3" type="stmt"/>
        <line num="138" count="1" type="cond" truecount="1" falsecount="1"/>
        <line num="139" count="0" type="stmt"/>
        <line num="142" count="1" type="stmt"/>
        <line num="145" count="3" type="stmt"/>
        <line num="150" count="1" type="stmt"/>
      </file>
    </package>
    <package name="models">
      <metrics statements="36" coveredstatements="36" conditionals="0" coveredconditionals="0" methods="0" coveredmethods="0"/>
      <file name="agendamento.js" path="/home/breno/Área de Trabalho/testesBack/back-end/models/agendamento.js">
        <metrics statements="5" coveredstatements="5" conditionals="0" coveredconditionals="0" methods="0" coveredmethods="0"/>
        <line num="1" count="2" type="stmt"/>
        <line num="2" count="2" type="stmt"/>
        <line num="4" count="2" type="stmt"/>
        <line num="57" count="2" type="stmt"/>
        <line num="59" count="2" type="stmt"/>
      </file>
      <file name="cliente.js" path="/home/breno/Área de Trabalho/testesBack/back-end/models/cliente.js">
        <metrics statements="5" coveredstatements="5" conditionals="0" coveredconditionals="0" methods="0" coveredmethods="0"/>
        <line num="1" count="2" type="stmt"/>
        <line num="2" count="2" type="stmt"/>
        <line num="4" count="2" type="stmt"/>
        <line num="46" count="2" type="stmt"/>
        <line num="48" count="2" type="stmt"/>
      </file>
      <file name="horario.js" path="/home/breno/Área de Trabalho/testesBack/back-end/models/horario.js">
        <metrics statements="5" coveredstatements="5" conditionals="0" coveredconditionals="0" methods="0" coveredmethods="0"/>
        <line num="1" count="4" type="stmt"/>
        <line num="2" count="4" type="stmt"/>
        <line num="4" count="4" type="stmt"/>
        <line num="37" count="4" type="stmt"/>
        <line num="39" count="4" type="stmt"/>
      </file>
      <file name="horarioDiaVariavel.js" path="/home/breno/Área de Trabalho/testesBack/back-end/models/horarioDiaVariavel.js">
        <metrics statements="5" coveredstatements="5" conditionals="0" coveredconditionals="0" methods="0" coveredmethods="0"/>
        <line num="1" count="1" type="stmt"/>
        <line num="2" count="1" type="stmt"/>
        <line num="4" count="1" type="stmt"/>
        <line num="25" count="1" type="stmt"/>
        <line num="27" count="1" type="stmt"/>
      </file>
      <file name="quadra.js" path="/home/breno/Área de Trabalho/testesBack/back-end/models/quadra.js">
        <metrics statements="6" coveredstatements="6" conditionals="0" coveredconditionals="0" methods="0" coveredmethods="0"/>
        <line num="1" count="3" type="stmt"/>
        <line num="2" count="3" type="stmt"/>
        <line num="3" count="3" type="stmt"/>
        <line num="5" count="3" type="stmt"/>
        <line num="18" count="3" type="stmt"/>
        <line num="20" count="3" type="stmt"/>
      </file>
      <file name="quadraServico.js" path="/home/breno/Área de Trabalho/testesBack/back-end/models/quadraServico.js">
        <metrics statements="5" coveredstatements="5" conditionals="0" coveredconditionals="0" methods="0" coveredmethods="0"/>
        <line num="1" count="1" type="stmt"/>
        <line num="2" count="1" type="stmt"/>
        <line num="4" count="1" type="stmt"/>
        <line num="21" count="1" type="stmt"/>
        <line num="23" count="1" type="stmt"/>
      </file>
      <file name="servico.js" path="/home/breno/Área de Trabalho/testesBack/back-end/models/servico.js">
        <metrics statements="5" coveredstatements="5" conditionals="0" coveredconditionals="0" methods="0" coveredmethods="0"/>
        <line num="1" count="4" type="stmt"/>
        <line num="2" count="4" type="stmt"/>
        <line num="4" count="4" type="stmt"/>
        <line num="34" count="4" type="stmt"/>
        <line num="36" count="4" type="stmt"/>
      </file>
    </package>
    <package name="src.repositories">
      <metrics statements="50" coveredstatements="8" conditionals="2" coveredconditionals="0" methods="11" coveredmethods="0"/>
      <file name="ServicoRepository.js" path="/home/breno/Área de Trabalho/testesBack/back-end/src/repositories/ServicoRepository.js">
        <metrics statements="15" coveredstatements="3" conditionals="0" coveredconditionals="0" methods="3" coveredmethods="0"/>
        <line num="1" count="1" type="stmt"/>
        <line num="3" count="1" type="stmt"/>
        <line num="5" count="0" type="stmt"/>
        <line num="6" count="0" type="stmt"/>
        <line num="7" count="0" type="stmt"/>
        <line num="10" count="0" type="stmt"/>
        <line num="15" count="0" type="stmt"/>
        <line num="16" count="0" type="stmt"/>
        <line num="17" count="0" type="stmt"/>
        <line num="20" count="0" type="stmt"/>
        <line num="25" count="0" type="stmt"/>
        <line num="26" count="0" type="stmt"/>
        <line num="27" count="0" type="stmt"/>
        <line num="30" count="0" type="stmt"/>
        <line num="35" count="1" type="stmt"/>
      </file>
      <file name="clienteRepository.js" path="/home/breno/Área de Trabalho/testesBack/back-end/src/repositories/clienteRepository.js">
        <metrics statements="21" coveredstatements="3" conditionals="0" coveredconditionals="0" methods="5" coveredmethods="0"/>
        <line num="1" count="1" type="stmt"/>
        <line num="3" count="1" type="stmt"/>
        <line num="5" count="0" type="stmt"/>
        <line num="6" count="0" type="stmt"/>
        <line num="7" count="0" type="stmt"/>
        <line num="10" count="0" type="stmt"/>
        <line num="16" count="0" type="stmt"/>
        <line num="17" count="0" type="stmt"/>
        <line num="20" count="0" type="stmt"/>
        <line num="26" count="0" type="stmt"/>
        <line num="27" count="0" type="stmt"/>
        <line num="28" count="0" type="stmt"/>
        <line num="31" count="0" type="stmt"/>
        <line num="37" count="0" type="stmt"/>
        <line num="38" count="0" type="stmt"/>
        <line num="39" count="0" type="stmt"/>
        <line num="42" count="0" type="stmt"/>
        <line num="47" count="0" type="stmt"/>
        <line num="48" count="0" type="stmt"/>
        <line num="51" count="0" type="stmt"/>
        <line num="55" count="1" type="stmt"/>
      </file>
      <file name="quadraRepository.js" path="/home/breno/Área de Trabalho/testesBack/back-end/src/repositories/quadraRepository.js">
        <metrics statements="14" coveredstatements="2" conditionals="2" coveredconditionals="0" methods="3" coveredmethods="0"/>
        <line num="1" count="1" type="stmt"/>
        <line num="3" count="0" type="stmt"/>
        <line num="4" count="0" type="cond" truecount="0" falsecount="2"/>
        <line num="5" count="0" type="stmt"/>
        <line num="7" count="0" type="stmt"/>
        <line num="8" count="0" type="stmt"/>
        <line num="10" count="0" type="stmt"/>
        <line num="14" count="0" type="stmt"/>
        <line num="15" count="0" type="stmt"/>
        <line num="17" count="0" type="stmt"/>
        <line num="21" count="0" type="stmt"/>
        <line num="22" count="0" type="stmt"/>
        <line num="24" count="0" type="stmt"/>
        <line num="29" count="1" type="stmt"/>
      </file>
    </package>
    <package name="src.services">
      <metrics statements="56" coveredstatements="52" conditionals="26" coveredconditionals="22" methods="7" coveredmethods="7"/>
      <file name="clienteService.js" path="/home/breno/Área de Trabalho/testesBack/back-end/src/services/clienteService.js">
        <metrics statements="30" coveredstatements="26" conditionals="22" coveredconditionals="18" methods="3" coveredmethods="3"/>
        <line num="1" count="1" type="stmt"/>
        <line num="2" count="1" type="stmt"/>
        <line num="3" count="1" type="stmt"/>
        <line num="5" count="1" type="stmt"/>
        <line num="7" count="5" type="stmt"/>
        <line num="9" count="5" type="cond" truecount="5" falsecount="0"/>
        <line num="10" count="3" type="stmt"/>
        <line num="12" count="3" type="stmt"/>
        <line num="13" count="2" type="cond" truecount="2" falsecount="0"/>
        <line num="14" count="1" type="stmt"/>
        <line num="17" count="1" type="cond" truecount="1" falsecount="1"/>
        <line num="18" count="0" type="stmt"/>
        <line num="21" count="1" type="cond" truecount="1" falsecount="1"/>
        <line num="22" count="0" type="stmt"/>
        <line num="25" count="1" type="stmt"/>
        <line num="26" count="1" type="stmt"/>
        <line num="27" count="1" type="stmt"/>
        <line num="30" count="2" type="cond" truecount="4" falsecount="1"/>
        <line num="31" count="0" type="stmt"/>
        <line num="34" count="2" type="cond" truecount="4" falsecount="0"/>
        <line num="35" count="1" type="stmt"/>
        <line num="38" count="1" type="cond" truecount="1" falsecount="1"/>
        <line num="39" count="1" type="stmt"/>
        <line num="43" count="1" type="stmt"/>
        <line num="48" count="1" type="stmt"/>
        <line num="49" count="1" type="stmt"/>
        <line num="52" count="0" type="stmt"/>
        <line num="57" count="1" type="stmt"/>
        <line num="58" count="1" type="stmt"/>
        <line num="62" count="1" type="stmt"/>
      </file>
      <file name="quadraService.js" path="/home/breno/Área de Trabalho/testesBack/back-end/src/services/quadraService.js">
        <metrics statements="13" coveredstatements="13" conditionals="2" coveredconditionals="2" methods="2" coveredmethods="2"/>
        <line num="1" count="1" type="stmt"/>
        <line num="3" count="1" type="stmt"/>
        <line num="5" count="3" type="stmt"/>
        <line num="6" count="3" type="stmt"/>
        <line num="8" count="2" type="cond" truecount="2" falsecount="0"/>
        <line num="9" count="1" type="stmt"/>
        <line num="12" count="1" type="stmt"/>
        <line num="13" count="1" type="stmt"/>
        <line num="17" count="1" type="stmt"/>
        <line num="22" count="2" type="stmt"/>
        <line num="23" count="2" type="stmt"/>
        <line num="26" count="1" type="stmt"/>
        <line num="31" count="1" type="stmt"/>
      </file>
      <file name="serivcoService.js" path="/home/breno/Área de Trabalho/testesBack/back-end/src/services/serivcoService.js">
        <metrics statements="13" coveredstatements="13" conditionals="2" coveredconditionals="2" methods="2" coveredmethods="2"/>
        <line num="1" count="1" type="stmt"/>
        <line num="3" count="1" type="stmt"/>
        <line num="5" count="3" type="stmt"/>
        <line num="6" count="3" type="stmt"/>
        <line num="8" count="2" type="cond" truecount="2" falsecount="0"/>
        <line num="9" count="1" type="stmt"/>
        <line num="12" count="1" type="stmt"/>
        <line num="13" count="1" type="stmt"/>
        <line num="17" count="1" type="stmt"/>
        <line num="21" count="2" type="stmt"/>
        <line num="22" count="2" type="stmt"/>
        <line num="24" count="1" type="stmt"/>
        <line num="29" count="1" type="stmt"/>
      </file>
    </package>
    <package name="utils">
      <metrics statements="32" coveredstatements="10" conditionals="2" coveredconditionals="0" methods="4" coveredmethods="1"/>
      <file name="criptografarSenhaUtil.js" path="/home/breno/Área de Trabalho/testesBack/back-end/utils/criptografarSenhaUtil.js">
        <metrics statements="8" coveredstatements="3" conditionals="0" coveredconditionals="0" methods="1" coveredmethods="0"/>
        <line num="1" count="1" type="stmt"/>
        <line num="2" count="1" type="stmt"/>
        <line num="4" count="0" type="stmt"/>
        <line num="5" count="0" type="stmt"/>
        <line num="6" count="0" type="stmt"/>
        <line num="7" count="0" type="stmt"/>
        <line num="10" count="0" type="stmt"/>
        <line num="14" count="1" type="stmt"/>
      </file>
      <file name="formatoHora.js" path="/home/breno/Área de Trabalho/testesBack/back-end/utils/formatoHora.js">
        <metrics statements="18" coveredstatements="5" conditionals="2" coveredconditionals="0" methods="1" coveredmethods="1"/>
        <line num="1" count="1" type="stmt"/>
        <line num="3" count="1" type="stmt"/>
        <line num="7" count="1" type="stmt"/>
        <line num="10" count="1" type="stmt"/>
        <line num="11" count="0" type="stmt"/>
        <line num="12" count="0" type="stmt"/>
        <line num="13" count="0" type="stmt"/>
        <line num="15" count="0" type="cond" truecount="0" falsecount="2"/>
        <line num="16" count="0" type="stmt"/>
        <line num="20" count="0" type="stmt"/>
        <line num="21" count="0" type="stmt"/>
        <line num="22" count="0" type="stmt"/>
        <line num="25" count="0" type="stmt"/>
        <line num="26" count="0" type="stmt"/>
        <line num="27" count="0" type="stmt"/>
        <line num="28" count="0" type="stmt"/>
        <line num="31" count="0" type="stmt"/>
        <line num="35" count="1" type="stmt"/>
      </file>
      <file name="validarEmailTelefoneUtil.js" path="/home/breno/Área de Trabalho/testesBack/back-end/utils/validarEmailTelefoneUtil.js">
        <metrics statements="6" coveredstatements="2" conditionals="0" coveredconditionals="0" methods="2" coveredmethods="0"/>
        <line num="1" count="1" type="stmt"/>
        <line num="3" count="0" type="stmt"/>
        <line num="4" count="0" type="stmt"/>
        <line num="8" count="0" type="stmt"/>
        <line num="9" count="0" type="stmt"/>
        <line num="13" count="1" type="stmt"/>
      </file>
    </package>
  </project>
</coverage>
