{"/home/breno/Área de Trabalho/testesBack/back-end/controllers/agendamentoController.js": {"path":"/home/breno/Área de Trabalho/testesBack/back-end/controllers/agendamentoController.js","statementMap":{"0":{"start":{"line":1,"column":40},"end":{"line":1,"column":72}},"1":{"start":{"line":2,"column":32},"end":{"line":2,"column":60}},"2":{"start":{"line":3,"column":30},"end":{"line":3,"column":57}},"3":{"start":{"line":4,"column":44},"end":{"line":4,"column":78}},"4":{"start":{"line":5,"column":32},"end":{"line":5,"column":60}},"5":{"start":{"line":6,"column":20},"end":{"line":6,"column":51}},"6":{"start":{"line":8,"column":30},"end":{"line":161,"column":1}},"7":{"start":{"line":10,"column":8},"end":{"line":51,"column":9}},"8":{"start":{"line":11,"column":63},"end":{"line":11,"column":71}},"9":{"start":{"line":12,"column":28},"end":{"line":12,"column":39}},"10":{"start":{"line":14,"column":29},"end":{"line":14,"column":88}},"11":{"start":{"line":15,"column":38},"end":{"line":15,"column":109}},"12":{"start":{"line":17,"column":26},"end":{"line":17,"column":49}},"13":{"start":{"line":19,"column":12},"end":{"line":47,"column":13}},"14":{"start":{"line":20,"column":16},"end":{"line":32,"column":17}},"15":{"start":{"line":20,"column":29},"end":{"line":20,"column":30}},"16":{"start":{"line":21,"column":40},"end":{"line":29,"column":21}},"17":{"start":{"line":30,"column":20},"end":{"line":30,"column":45}},"18":{"start":{"line":31,"column":37},"end":{"line":31,"column":79}},"19":{"start":{"line":33,"column":16},"end":{"line":33,"column":94}},"20":{"start":{"line":35,"column":36},"end":{"line":43,"column":17}},"21":{"start":{"line":44,"column":16},"end":{"line":44,"column":41}},"22":{"start":{"line":45,"column":33},"end":{"line":45,"column":75}},"23":{"start":{"line":46,"column":16},"end":{"line":46,"column":94}},"24":{"start":{"line":50,"column":12},"end":{"line":50,"column":68}},"25":{"start":{"line":55,"column":8},"end":{"line":99,"column":9}},"26":{"start":{"line":56,"column":36},"end":{"line":56,"column":44}},"27":{"start":{"line":57,"column":42},"end":{"line":57,"column":72}},"28":{"start":{"line":58,"column":30},"end":{"line":58,"column":51}},"29":{"start":{"line":59,"column":30},"end":{"line":59,"column":61}},"30":{"start":{"line":60,"column":33},"end":{"line":60,"column":57}},"31":{"start":{"line":61,"column":30},"end":{"line":61,"column":61}},"32":{"start":{"line":61,"column":52},"end":{"line":61,"column":60}},"33":{"start":{"line":63,"column":41},"end":{"line":63,"column":81}},"34":{"start":{"line":65,"column":12},"end":{"line":65,"column":34}},"35":{"start":{"line":66,"column":12},"end":{"line":95,"column":13}},"36":{"start":{"line":68,"column":54},"end":{"line":72,"column":101}},"37":{"start":{"line":72,"column":38},"end":{"line":72,"column":100}},"38":{"start":{"line":72,"column":71},"end":{"line":72,"column":99}},"39":{"start":{"line":74,"column":49},"end":{"line":76,"column":18}},"40":{"start":{"line":75,"column":20},"end":{"line":75,"column":67}},"41":{"start":{"line":78,"column":33},"end":{"line":89,"column":18}},"42":{"start":{"line":80,"column":58},"end":{"line":86,"column":22}},"43":{"start":{"line":81,"column":41},"end":{"line":81,"column":122}},"44":{"start":{"line":81,"column":79},"end":{"line":81,"column":121}},"45":{"start":{"line":83,"column":24},"end":{"line":85,"column":25}},"46":{"start":{"line":84,"column":28},"end":{"line":84,"column":39}},"47":{"start":{"line":88,"column":20},"end":{"line":88,"column":78}},"48":{"start":{"line":88,"column":72},"end":{"line":88,"column":76}},"49":{"start":{"line":90,"column":42},"end":{"line":90,"column":78}},"50":{"start":{"line":91,"column":16},"end":{"line":91,"column":71}},"51":{"start":{"line":94,"column":16},"end":{"line":94,"column":61}},"52":{"start":{"line":98,"column":12},"end":{"line":98,"column":27}},"53":{"start":{"line":103,"column":8},"end":{"line":130,"column":9}},"54":{"start":{"line":104,"column":31},"end":{"line":104,"column":39}},"55":{"start":{"line":106,"column":28},"end":{"line":106,"column":114}},"56":{"start":{"line":108,"column":36},"end":{"line":108,"column":38}},"57":{"start":{"line":109,"column":45},"end":{"line":109,"column":47}},"58":{"start":{"line":111,"column":12},"end":{"line":125,"column":13}},"59":{"start":{"line":111,"column":25},"end":{"line":111,"column":26}},"60":{"start":{"line":112,"column":16},"end":{"line":112,"column":146}},"61":{"start":{"line":113,"column":36},"end":{"line":123,"column":25}},"62":{"start":{"line":124,"column":16},"end":{"line":124,"column":58}},"63":{"start":{"line":126,"column":12},"end":{"line":126,"column":60}},"64":{"start":{"line":129,"column":12},"end":{"line":129,"column":27}},"65":{"start":{"line":134,"column":8},"end":{"line":159,"column":9}},"66":{"start":{"line":135,"column":28},"end":{"line":135,"column":39}},"67":{"start":{"line":136,"column":37},"end":{"line":136,"column":98}},"68":{"start":{"line":138,"column":35},"end":{"line":138,"column":37}},"69":{"start":{"line":139,"column":37},"end":{"line":139,"column":39}},"70":{"start":{"line":141,"column":12},"end":{"line":154,"column":13}},"71":{"start":{"line":141,"column":25},"end":{"line":141,"column":26}},"72":{"start":{"line":142,"column":16},"end":{"line":142,"column":136}},"73":{"start":{"line":143,"column":52},"end":{"line":143,"column":90}},"74":{"start":{"line":144,"column":32},"end":{"line":144,"column":70}},"75":{"start":{"line":146,"column":16},"end":{"line":153,"column":18}},"76":{"start":{"line":155,"column":12},"end":{"line":155,"column":51}},"77":{"start":{"line":158,"column":12},"end":{"line":158,"column":29}},"78":{"start":{"line":163,"column":0},"end":{"line":163,"column":38}}},"fnMap":{"0":{"name":"(anonymous_0)","decl":{"start":{"line":9,"column":12},"end":{"line":9,"column":13}},"loc":{"start":{"line":9,"column":32},"end":{"line":52,"column":5}},"line":9},"1":{"name":"(anonymous_1)","decl":{"start":{"line":54,"column":24},"end":{"line":54,"column":25}},"loc":{"start":{"line":54,"column":49},"end":{"line":100,"column":5}},"line":54},"2":{"name":"(anonymous_2)","decl":{"start":{"line":61,"column":47},"end":{"line":61,"column":48}},"loc":{"start":{"line":61,"column":52},"end":{"line":61,"column":60}},"line":61},"3":{"name":"(anonymous_3)","decl":{"start":{"line":72,"column":24},"end":{"line":72,"column":25}},"loc":{"start":{"line":72,"column":38},"end":{"line":72,"column":100}},"line":72},"4":{"name":"(anonymous_4)","decl":{"start":{"line":72,"column":56},"end":{"line":72,"column":57}},"loc":{"start":{"line":72,"column":71},"end":{"line":72,"column":99}},"line":72},"5":{"name":"(anonymous_5)","decl":{"start":{"line":74,"column":83},"end":{"line":74,"column":84}},"loc":{"start":{"line":74,"column":88},"end":{"line":76,"column":17}},"line":74},"6":{"name":"(anonymous_6)","decl":{"start":{"line":78,"column":47},"end":{"line":78,"column":48}},"loc":{"start":{"line":78,"column":59},"end":{"line":89,"column":17}},"line":78},"7":{"name":"(anonymous_7)","decl":{"start":{"line":80,"column":84},"end":{"line":80,"column":85}},"loc":{"start":{"line":80,"column":97},"end":{"line":86,"column":21}},"line":80},"8":{"name":"(anonymous_8)","decl":{"start":{"line":81,"column":71},"end":{"line":81,"column":72}},"loc":{"start":{"line":81,"column":79},"end":{"line":81,"column":121}},"line":81},"9":{"name":"(anonymous_9)","decl":{"start":{"line":88,"column":64},"end":{"line":88,"column":65}},"loc":{"start":{"line":88,"column":72},"end":{"line":88,"column":76}},"line":88},"10":{"name":"(anonymous_10)","decl":{"start":{"line":102,"column":25},"end":{"line":102,"column":26}},"loc":{"start":{"line":102,"column":45},"end":{"line":131,"column":5}},"line":102},"11":{"name":"(anonymous_11)","decl":{"start":{"line":133,"column":25},"end":{"line":133,"column":26}},"loc":{"start":{"line":133,"column":45},"end":{"line":160,"column":5}},"line":133}},"branchMap":{"0":{"loc":{"start":{"line":19,"column":12},"end":{"line":47,"column":13}},"type":"if","locations":[{"start":{"line":19,"column":12},"end":{"line":47,"column":13}},{"start":{"line":34,"column":19},"end":{"line":47,"column":13}}],"line":19},"1":{"loc":{"start":{"line":66,"column":12},"end":{"line":95,"column":13}},"type":"if","locations":[{"start":{"line":66,"column":12},"end":{"line":95,"column":13}},{"start":{"line":93,"column":16},"end":{"line":95,"column":13}}],"line":66},"2":{"loc":{"start":{"line":81,"column":79},"end":{"line":81,"column":121}},"type":"binary-expr","locations":[{"start":{"line":81,"column":79},"end":{"line":81,"column":96}},{"start":{"line":81,"column":100},"end":{"line":81,"column":121}}],"line":81},"3":{"loc":{"start":{"line":83,"column":24},"end":{"line":85,"column":25}},"type":"if","locations":[{"start":{"line":83,"column":24},"end":{"line":85,"column":25}},{"start":{},"end":{}}],"line":83},"4":{"loc":{"start":{"line":83,"column":28},"end":{"line":83,"column":76}},"type":"binary-expr","locations":[{"start":{"line":83,"column":28},"end":{"line":83,"column":37}},{"start":{"line":83,"column":41},"end":{"line":83,"column":76}}],"line":83}},"s":{"0":1,"1":1,"2":1,"3":1,"4":1,"5":1,"6":1,"7":2,"8":2,"9":2,"10":2,"11":1,"12":1,"13":1,"14":1,"15":1,"16":2,"17":2,"18":2,"19":1,"20":0,"21":0,"22":0,"23":0,"24":1,"25":0,"26":0,"27":0,"28":0,"29":0,"30":0,"31":0,"32":0,"33":0,"34":0,"35":0,"36":0,"37":0,"38":0,"39":0,"40":0,"41":0,"42":0,"43":0,"44":0,"45":0,"46":0,"47":0,"48":0,"49":0,"50":0,"51":0,"52":0,"53":0,"54":0,"55":0,"56":0,"57":0,"58":0,"59":0,"60":0,"61":0,"62":0,"63":0,"64":0,"65":0,"66":0,"67":0,"68":0,"69":0,"70":0,"71":0,"72":0,"73":0,"74":0,"75":0,"76":0,"77":0,"78":1},"f":{"0":2,"1":0,"2":0,"3":0,"4":0,"5":0,"6":0,"7":0,"8":0,"9":0,"10":0,"11":0},"b":{"0":[1,0],"1":[0,0],"2":[0,0],"3":[0,0],"4":[0,0]},"_coverageSchema":"1a1c01bbd47fc00a2c39e90264f33305004495a9","hash":"5cdc2f71f49a0321e931f99237326a7d1d4e65c8"}
,"/home/breno/Área de Trabalho/testesBack/back-end/controllers/horarioController.js": {"path":"/home/breno/Área de Trabalho/testesBack/back-end/controllers/horarioController.js","statementMap":{"0":{"start":{"line":1,"column":32},"end":{"line":1,"column":60}},"1":{"start":{"line":2,"column":54},"end":{"line":2,"column":93}},"2":{"start":{"line":5,"column":26},"end":{"line":148,"column":1}},"3":{"start":{"line":7,"column":8},"end":{"line":22,"column":9}},"4":{"start":{"line":8,"column":28},"end":{"line":8,"column":57}},"5":{"start":{"line":9,"column":37},"end":{"line":9,"column":74}},"6":{"start":{"line":11,"column":12},"end":{"line":13,"column":13}},"7":{"start":{"line":12,"column":16},"end":{"line":12,"column":74}},"8":{"start":{"line":15,"column":12},"end":{"line":17,"column":13}},"9":{"start":{"line":15,"column":25},"end":{"line":15,"column":26}},"10":{"start":{"line":16,"column":16},"end":{"line":16,"column":107}},"11":{"start":{"line":18,"column":12},"end":{"line":18,"column":70}},"12":{"start":{"line":21,"column":12},"end":{"line":21,"column":30}},"13":{"start":{"line":26,"column":8},"end":{"line":53,"column":9}},"14":{"start":{"line":27,"column":12},"end":{"line":27,"column":47}},"15":{"start":{"line":28,"column":30},"end":{"line":28,"column":51}},"16":{"start":{"line":29,"column":30},"end":{"line":29,"column":49}},"17":{"start":{"line":31,"column":27},"end":{"line":31,"column":55}},"18":{"start":{"line":32,"column":32},"end":{"line":32,"column":45}},"19":{"start":{"line":33,"column":28},"end":{"line":33,"column":38}},"20":{"start":{"line":34,"column":39},"end":{"line":34,"column":64}},"21":{"start":{"line":36,"column":12},"end":{"line":38,"column":13}},"22":{"start":{"line":37,"column":16},"end":{"line":37,"column":31}},"23":{"start":{"line":43,"column":12},"end":{"line":49,"column":13}},"24":{"start":{"line":44,"column":16},"end":{"line":44,"column":102}},"25":{"start":{"line":48,"column":16},"end":{"line":48,"column":103}},"26":{"start":{"line":52,"column":12},"end":{"line":52,"column":27}},"27":{"start":{"line":57,"column":8},"end":{"line":105,"column":9}},"28":{"start":{"line":58,"column":27},"end":{"line":58,"column":44}},"29":{"start":{"line":59,"column":25},"end":{"line":59,"column":35}},"30":{"start":{"line":60,"column":30},"end":{"line":60,"column":91}},"31":{"start":{"line":61,"column":30},"end":{"line":61,"column":49}},"32":{"start":{"line":63,"column":29},"end":{"line":63,"column":54}},"33":{"start":{"line":64,"column":36},"end":{"line":64,"column":38}},"34":{"start":{"line":66,"column":12},"end":{"line":95,"column":15}},"35":{"start":{"line":69,"column":16},"end":{"line":76,"column":17}},"36":{"start":{"line":70,"column":20},"end":{"line":70,"column":54}},"37":{"start":{"line":71,"column":20},"end":{"line":71,"column":53}},"38":{"start":{"line":74,"column":20},"end":{"line":74,"column":46}},"39":{"start":{"line":75,"column":20},"end":{"line":75,"column":45}},"40":{"start":{"line":79,"column":16},"end":{"line":79,"column":140}},"41":{"start":{"line":80,"column":37},"end":{"line":80,"column":59}},"42":{"start":{"line":82,"column":45},"end":{"line":82,"column":97}},"43":{"start":{"line":84,"column":48},"end":{"line":84,"column":50}},"44":{"start":{"line":86,"column":16},"end":{"line":93,"column":17}},"45":{"start":{"line":86,"column":29},"end":{"line":86,"column":30}},"46":{"start":{"line":87,"column":20},"end":{"line":87,"column":64}},"47":{"start":{"line":90,"column":20},"end":{"line":92,"column":21}},"48":{"start":{"line":91,"column":24},"end":{"line":91,"column":88}},"49":{"start":{"line":94,"column":16},"end":{"line":94,"column":63}},"50":{"start":{"line":97,"column":25},"end":{"line":99,"column":14}},"51":{"start":{"line":98,"column":16},"end":{"line":98,"column":47}},"52":{"start":{"line":101,"column":12},"end":{"line":101,"column":28}},"53":{"start":{"line":104,"column":12},"end":{"line":104,"column":29}},"54":{"start":{"line":109,"column":8},"end":{"line":127,"column":9}},"55":{"start":{"line":110,"column":45},"end":{"line":110,"column":53}},"56":{"start":{"line":113,"column":40},"end":{"line":121,"column":15}},"57":{"start":{"line":114,"column":16},"end":{"line":120,"column":17}},"58":{"start":{"line":115,"column":20},"end":{"line":115,"column":150}},"59":{"start":{"line":119,"column":20},"end":{"line":119,"column":150}},"60":{"start":{"line":123,"column":12},"end":{"line":123,"column":73}},"61":{"start":{"line":126,"column":12},"end":{"line":126,"column":29}},"62":{"start":{"line":131,"column":8},"end":{"line":146,"column":9}},"63":{"start":{"line":132,"column":25},"end":{"line":132,"column":35}},"64":{"start":{"line":133,"column":30},"end":{"line":133,"column":91}},"65":{"start":{"line":134,"column":31},"end":{"line":134,"column":56}},"66":{"start":{"line":135,"column":30},"end":{"line":135,"column":49}},"67":{"start":{"line":137,"column":12},"end":{"line":141,"column":15}},"68":{"start":{"line":138,"column":18},"end":{"line":140,"column":19}},"69":{"start":{"line":139,"column":22},"end":{"line":139,"column":141}},"70":{"start":{"line":142,"column":12},"end":{"line":142,"column":18}},"71":{"start":{"line":145,"column":12},"end":{"line":145,"column":32}},"72":{"start":{"line":150,"column":0},"end":{"line":150,"column":35}}},"fnMap":{"0":{"name":"(anonymous_0)","decl":{"start":{"line":6,"column":12},"end":{"line":6,"column":13}},"loc":{"start":{"line":6,"column":32},"end":{"line":23,"column":5}},"line":6},"1":{"name":"(anonymous_1)","decl":{"start":{"line":25,"column":32},"end":{"line":25,"column":33}},"loc":{"start":{"line":25,"column":58},"end":{"line":54,"column":5}},"line":25},"2":{"name":"(anonymous_2)","decl":{"start":{"line":56,"column":9},"end":{"line":56,"column":10}},"loc":{"start":{"line":56,"column":29},"end":{"line":106,"column":5}},"line":56},"3":{"name":"(anonymous_3)","decl":{"start":{"line":66,"column":29},"end":{"line":66,"column":30}},"loc":{"start":{"line":66,"column":38},"end":{"line":95,"column":13}},"line":66},"4":{"name":"(anonymous_4)","decl":{"start":{"line":97,"column":45},"end":{"line":97,"column":46}},"loc":{"start":{"line":97,"column":60},"end":{"line":99,"column":13}},"line":97},"5":{"name":"(anonymous_5)","decl":{"start":{"line":108,"column":20},"end":{"line":108,"column":21}},"loc":{"start":{"line":108,"column":39},"end":{"line":128,"column":5}},"line":108},"6":{"name":"(anonymous_6)","decl":{"start":{"line":113,"column":66},"end":{"line":113,"column":67}},"loc":{"start":{"line":113,"column":86},"end":{"line":121,"column":13}},"line":113},"7":{"name":"(anonymous_7)","decl":{"start":{"line":130,"column":28},"end":{"line":130,"column":29}},"loc":{"start":{"line":130,"column":39},"end":{"line":147,"column":5}},"line":130},"8":{"name":"(anonymous_8)","decl":{"start":{"line":137,"column":31},"end":{"line":137,"column":32}},"loc":{"start":{"line":137,"column":52},"end":{"line":141,"column":13}},"line":137}},"branchMap":{"0":{"loc":{"start":{"line":11,"column":12},"end":{"line":13,"column":13}},"type":"if","locations":[{"start":{"line":11,"column":12},"end":{"line":13,"column":13}},{"start":{},"end":{}}],"line":11},"1":{"loc":{"start":{"line":36,"column":12},"end":{"line":38,"column":13}},"type":"if","locations":[{"start":{"line":36,"column":12},"end":{"line":38,"column":13}},{"start":{},"end":{}}],"line":36},"2":{"loc":{"start":{"line":43,"column":12},"end":{"line":49,"column":13}},"type":"if","locations":[{"start":{"line":43,"column":12},"end":{"line":49,"column":13}},{"start":{"line":47,"column":17},"end":{"line":49,"column":13}}],"line":43},"3":{"loc":{"start":{"line":43,"column":16},"end":{"line":43,"column":69}},"type":"binary-expr","locations":[{"start":{"line":43,"column":17},"end":{"line":43,"column":41}},{"start":{"line":43,"column":47},"end":{"line":43,"column":68}}],"line":43},"4":{"loc":{"start":{"line":69,"column":16},"end":{"line":76,"column":17}},"type":"if","locations":[{"start":{"line":69,"column":16},"end":{"line":76,"column":17}},{"start":{"line":73,"column":23},"end":{"line":76,"column":17}}],"line":69},"5":{"loc":{"start":{"line":79,"column":16},"end":{"line":79,"column":139}},"type":"cond-expr","locations":[{"start":{"line":79,"column":40},"end":{"line":79,"column":95}},{"start":{"line":79,"column":98},"end":{"line":79,"column":139}}],"line":79},"6":{"loc":{"start":{"line":90,"column":20},"end":{"line":92,"column":21}},"type":"if","locations":[{"start":{"line":90,"column":20},"end":{"line":92,"column":21}},{"start":{},"end":{}}],"line":90},"7":{"loc":{"start":{"line":114,"column":16},"end":{"line":120,"column":17}},"type":"if","locations":[{"start":{"line":114,"column":16},"end":{"line":120,"column":17}},{"start":{"line":118,"column":21},"end":{"line":120,"column":17}}],"line":114},"8":{"loc":{"start":{"line":138,"column":18},"end":{"line":140,"column":19}},"type":"if","locations":[{"start":{"line":138,"column":18},"end":{"line":140,"column":19}},{"start":{},"end":{}}],"line":138}},"s":{"0":1,"1":1,"2":1,"3":3,"4":3,"5":3,"6":2,"7":1,"8":1,"9":1,"10":3,"11":1,"12":1,"13":2,"14":2,"15":2,"16":2,"17":2,"18":1,"19":1,"20":1,"21":1,"22":0,"23":1,"24":1,"25":0,"26":1,"27":2,"28":2,"29":2,"30":2,"31":2,"32":2,"33":1,"34":1,"35":2,"36":0,"37":0,"38":2,"39":2,"40":2,"41":2,"42":2,"43":2,"44":2,"45":2,"46":16,"47":16,"48":0,"49":2,"50":1,"51":2,"52":1,"53":1,"54":2,"55":2,"56":2,"57":2,"58":2,"59":0,"60":1,"61":1,"62":4,"63":4,"64":4,"65":4,"66":3,"67":3,"68":1,"69":0,"70":1,"71":3,"72":1},"f":{"0":3,"1":2,"2":2,"3":2,"4":2,"5":2,"6":2,"7":4,"8":1},"b":{"0":[1,1],"1":[0,1],"2":[1,0],"3":[1,1],"4":[0,2],"5":[0,2],"6":[0,16],"7":[2,0],"8":[0,1]},"_coverageSchema":"1a1c01bbd47fc00a2c39e90264f33305004495a9","hash":"dfb6b60f9fe883e158cfc44739ef454af4927b69"}
,"/home/breno/Área de Trabalho/testesBack/back-end/models/agendamento.js": {"path":"/home/breno/Área de Trabalho/testesBack/back-end/models/agendamento.js","statementMap":{"0":{"start":{"line":1,"column":17},"end":{"line":1,"column":36}},"1":{"start":{"line":2,"column":17},"end":{"line":2,"column":25}},"2":{"start":{"line":4,"column":26},"end":{"line":55,"column":22}},"3":{"start":{"line":57,"column":20},"end":{"line":57,"column":68}},"4":{"start":{"line":59,"column":0},"end":{"line":63,"column":2}}},"fnMap":{},"branchMap":{},"s":{"0":2,"1":2,"2":2,"3":2,"4":2},"f":{},"b":{},"_coverageSchema":"1a1c01bbd47fc00a2c39e90264f33305004495a9","hash":"73365c821cdb28a1896fed5d6590514085d377cc"}
,"/home/breno/Área de Trabalho/testesBack/back-end/models/cliente.js": {"path":"/home/breno/Área de Trabalho/testesBack/back-end/models/cliente.js","statementMap":{"0":{"start":{"line":1,"column":17},"end":{"line":1,"column":36}},"1":{"start":{"line":2,"column":17},"end":{"line":2,"column":25}},"2":{"start":{"line":4,"column":22},"end":{"line":44,"column":22}},"3":{"start":{"line":46,"column":16},"end":{"line":46,"column":56}},"4":{"start":{"line":48,"column":0},"end":{"line":51,"column":1}}},"fnMap":{},"branchMap":{},"s":{"0":2,"1":2,"2":2,"3":2,"4":2},"f":{},"b":{},"_coverageSchema":"1a1c01bbd47fc00a2c39e90264f33305004495a9","hash":"7aa470d0b2507a47e3604a13ff172f4a257e369d"}
,"/home/breno/Área de Trabalho/testesBack/back-end/models/horario.js": {"path":"/home/breno/Área de Trabalho/testesBack/back-end/models/horario.js","statementMap":{"0":{"start":{"line":1,"column":17},"end":{"line":1,"column":36}},"1":{"start":{"line":2,"column":17},"end":{"line":2,"column":25}},"2":{"start":{"line":4,"column":22},"end":{"line":35,"column":22}},"3":{"start":{"line":37,"column":16},"end":{"line":37,"column":56}},"4":{"start":{"line":39,"column":0},"end":{"line":42,"column":2}}},"fnMap":{},"branchMap":{},"s":{"0":4,"1":4,"2":4,"3":4,"4":4},"f":{},"b":{},"_coverageSchema":"1a1c01bbd47fc00a2c39e90264f33305004495a9","hash":"db6e1f9110f505486f91c89d3ffa4522fca8bc84"}
,"/home/breno/Área de Trabalho/testesBack/back-end/models/horarioDiaVariavel.js": {"path":"/home/breno/Área de Trabalho/testesBack/back-end/models/horarioDiaVariavel.js","statementMap":{"0":{"start":{"line":1,"column":17},"end":{"line":1,"column":36}},"1":{"start":{"line":2,"column":17},"end":{"line":2,"column":25}},"2":{"start":{"line":4,"column":33},"end":{"line":23,"column":22}},"3":{"start":{"line":25,"column":27},"end":{"line":25,"column":89}},"4":{"start":{"line":27,"column":0},"end":{"line":27,"column":64}}},"fnMap":{},"branchMap":{},"s":{"0":1,"1":1,"2":1,"3":1,"4":1},"f":{},"b":{},"_coverageSchema":"1a1c01bbd47fc00a2c39e90264f33305004495a9","hash":"069312b9faaf6094deb650d0eaa9cb7dc3d886e8"}
,"/home/breno/Área de Trabalho/testesBack/back-end/models/quadra.js": {"path":"/home/breno/Área de Trabalho/testesBack/back-end/models/quadra.js","statementMap":{"0":{"start":{"line":1,"column":22},"end":{"line":1,"column":40}},"1":{"start":{"line":2,"column":17},"end":{"line":2,"column":36}},"2":{"start":{"line":3,"column":17},"end":{"line":3,"column":25}},"3":{"start":{"line":5,"column":21},"end":{"line":16,"column":22}},"4":{"start":{"line":18,"column":15},"end":{"line":18,"column":53}},"5":{"start":{"line":20,"column":0},"end":{"line":23,"column":1}}},"fnMap":{},"branchMap":{},"s":{"0":3,"1":3,"2":3,"3":3,"4":3,"5":3},"f":{},"b":{},"_coverageSchema":"1a1c01bbd47fc00a2c39e90264f33305004495a9","hash":"d232680ac6cf459492ffd827da1cba5b63f9d056"}
,"/home/breno/Área de Trabalho/testesBack/back-end/models/quadraServico.js": {"path":"/home/breno/Área de Trabalho/testesBack/back-end/models/quadraServico.js","statementMap":{"0":{"start":{"line":1,"column":17},"end":{"line":1,"column":36}},"1":{"start":{"line":2,"column":17},"end":{"line":2,"column":25}},"2":{"start":{"line":4,"column":28},"end":{"line":17,"column":24}},"3":{"start":{"line":21,"column":22},"end":{"line":21,"column":74}},"4":{"start":{"line":23,"column":0},"end":{"line":26,"column":2}}},"fnMap":{},"branchMap":{},"s":{"0":1,"1":1,"2":1,"3":1,"4":1},"f":{},"b":{},"_coverageSchema":"1a1c01bbd47fc00a2c39e90264f33305004495a9","hash":"ca32a50d5c6af224c29f04ed817f37a98c35fa2b"}
,"/home/breno/Área de Trabalho/testesBack/back-end/models/servico.js": {"path":"/home/breno/Área de Trabalho/testesBack/back-end/models/servico.js","statementMap":{"0":{"start":{"line":1,"column":17},"end":{"line":1,"column":36}},"1":{"start":{"line":2,"column":17},"end":{"line":2,"column":25}},"2":{"start":{"line":4,"column":22},"end":{"line":32,"column":22}},"3":{"start":{"line":34,"column":16},"end":{"line":34,"column":56}},"4":{"start":{"line":36,"column":0},"end":{"line":39,"column":1}}},"fnMap":{},"branchMap":{},"s":{"0":4,"1":4,"2":4,"3":4,"4":4},"f":{},"b":{},"_coverageSchema":"1a1c01bbd47fc00a2c39e90264f33305004495a9","hash":"cab28ac009d6cc0315a6c4c2d71cb2e406c1843b"}
,"/home/breno/Área de Trabalho/testesBack/back-end/src/repositories/ServicoRepository.js": {"path":"/home/breno/Área de Trabalho/testesBack/back-end/src/repositories/ServicoRepository.js","statementMap":{"0":{"start":{"line":1,"column":33},"end":{"line":1,"column":64}},"1":{"start":{"line":3,"column":26},"end":{"line":33,"column":1}},"2":{"start":{"line":5,"column":8},"end":{"line":11,"column":9}},"3":{"start":{"line":6,"column":12},"end":{"line":6,"column":48}},"4":{"start":{"line":7,"column":12},"end":{"line":7,"column":18}},"5":{"start":{"line":10,"column":12},"end":{"line":10,"column":33}},"6":{"start":{"line":15,"column":8},"end":{"line":21,"column":9}},"7":{"start":{"line":16,"column":37},"end":{"line":16,"column":73}},"8":{"start":{"line":17,"column":12},"end":{"line":17,"column":35}},"9":{"start":{"line":20,"column":12},"end":{"line":20,"column":33}},"10":{"start":{"line":25,"column":8},"end":{"line":31,"column":9}},"11":{"start":{"line":26,"column":37},"end":{"line":26,"column":63}},"12":{"start":{"line":27,"column":12},"end":{"line":27,"column":35}},"13":{"start":{"line":30,"column":12},"end":{"line":30,"column":33}},"14":{"start":{"line":35,"column":0},"end":{"line":35,"column":34}}},"fnMap":{"0":{"name":"(anonymous_0)","decl":{"start":{"line":4,"column":18},"end":{"line":4,"column":19}},"loc":{"start":{"line":4,"column":36},"end":{"line":12,"column":5}},"line":4},"1":{"name":"(anonymous_1)","decl":{"start":{"line":14,"column":19},"end":{"line":14,"column":20}},"loc":{"start":{"line":14,"column":37},"end":{"line":22,"column":5}},"line":14},"2":{"name":"(anonymous_2)","decl":{"start":{"line":24,"column":25},"end":{"line":24,"column":26}},"loc":{"start":{"line":24,"column":36},"end":{"line":32,"column":5}},"line":24}},"branchMap":{},"s":{"0":1,"1":1,"2":0,"3":0,"4":0,"5":0,"6":0,"7":0,"8":0,"9":0,"10":0,"11":0,"12":0,"13":0,"14":1},"f":{"0":0,"1":0,"2":0},"b":{},"_coverageSchema":"1a1c01bbd47fc00a2c39e90264f33305004495a9","hash":"00eb8da21f6b1451e0f239126fcec8ff80ddcf86"}
,"/home/breno/Área de Trabalho/testesBack/back-end/src/repositories/clienteRepository.js": {"path":"/home/breno/Área de Trabalho/testesBack/back-end/src/repositories/clienteRepository.js","statementMap":{"0":{"start":{"line":1,"column":41},"end":{"line":1,"column":72}},"1":{"start":{"line":3,"column":26},"end":{"line":54,"column":1}},"2":{"start":{"line":5,"column":8},"end":{"line":11,"column":9}},"3":{"start":{"line":6,"column":12},"end":{"line":6,"column":40}},"4":{"start":{"line":7,"column":12},"end":{"line":7,"column":18}},"5":{"start":{"line":10,"column":12},"end":{"line":10,"column":33}},"6":{"start":{"line":16,"column":8},"end":{"line":21,"column":9}},"7":{"start":{"line":17,"column":12},"end":{"line":17,"column":46}},"8":{"start":{"line":20,"column":12},"end":{"line":20,"column":33}},"9":{"start":{"line":26,"column":8},"end":{"line":32,"column":9}},"10":{"start":{"line":27,"column":34},"end":{"line":27,"column":83}},"11":{"start":{"line":28,"column":12},"end":{"line":28,"column":46}},"12":{"start":{"line":31,"column":12},"end":{"line":31,"column":33}},"13":{"start":{"line":37,"column":8},"end":{"line":43,"column":9}},"14":{"start":{"line":38,"column":12},"end":{"line":38,"column":66}},"15":{"start":{"line":39,"column":12},"end":{"line":39,"column":18}},"16":{"start":{"line":42,"column":12},"end":{"line":42,"column":33}},"17":{"start":{"line":47,"column":8},"end":{"line":52,"column":9}},"18":{"start":{"line":48,"column":12},"end":{"line":48,"column":45}},"19":{"start":{"line":51,"column":12},"end":{"line":51,"column":24}},"20":{"start":{"line":55,"column":0},"end":{"line":55,"column":34}}},"fnMap":{"0":{"name":"(anonymous_0)","decl":{"start":{"line":4,"column":18},"end":{"line":4,"column":19}},"loc":{"start":{"line":4,"column":36},"end":{"line":13,"column":5}},"line":4},"1":{"name":"(anonymous_1)","decl":{"start":{"line":15,"column":24},"end":{"line":15,"column":25}},"loc":{"start":{"line":15,"column":40},"end":{"line":23,"column":5}},"line":15},"2":{"name":"(anonymous_2)","decl":{"start":{"line":25,"column":22},"end":{"line":25,"column":23}},"loc":{"start":{"line":25,"column":44},"end":{"line":34,"column":5}},"line":25},"3":{"name":"(anonymous_3)","decl":{"start":{"line":36,"column":12},"end":{"line":36,"column":13}},"loc":{"start":{"line":36,"column":25},"end":{"line":45,"column":5}},"line":36},"4":{"name":"(anonymous_4)","decl":{"start":{"line":46,"column":19},"end":{"line":46,"column":20}},"loc":{"start":{"line":46,"column":30},"end":{"line":53,"column":5}},"line":46}},"branchMap":{},"s":{"0":1,"1":1,"2":0,"3":0,"4":0,"5":0,"6":0,"7":0,"8":0,"9":0,"10":0,"11":0,"12":0,"13":0,"14":0,"15":0,"16":0,"17":0,"18":0,"19":0,"20":1},"f":{"0":0,"1":0,"2":0,"3":0,"4":0},"b":{},"_coverageSchema":"1a1c01bbd47fc00a2c39e90264f33305004495a9","hash":"704d2f4157539542fa36d9d5c376785bd647fcba"}
,"/home/breno/Área de Trabalho/testesBack/back-end/src/repositories/quadraRepository.js": {"path":"/home/breno/Área de Trabalho/testesBack/back-end/src/repositories/quadraRepository.js","statementMap":{"0":{"start":{"line":1,"column":25},"end":{"line":27,"column":1}},"1":{"start":{"line":3,"column":8},"end":{"line":11,"column":9}},"2":{"start":{"line":4,"column":12},"end":{"line":6,"column":13}},"3":{"start":{"line":5,"column":16},"end":{"line":5,"column":61}},"4":{"start":{"line":7,"column":12},"end":{"line":7,"column":45}},"5":{"start":{"line":8,"column":12},"end":{"line":8,"column":52}},"6":{"start":{"line":10,"column":12},"end":{"line":10,"column":43}},"7":{"start":{"line":14,"column":8},"end":{"line":18,"column":9}},"8":{"start":{"line":15,"column":12},"end":{"line":15,"column":53}},"9":{"start":{"line":17,"column":12},"end":{"line":17,"column":53}},"10":{"start":{"line":21,"column":8},"end":{"line":25,"column":9}},"11":{"start":{"line":22,"column":12},"end":{"line":22,"column":44}},"12":{"start":{"line":24,"column":12},"end":{"line":24,"column":63}},"13":{"start":{"line":29,"column":0},"end":{"line":29,"column":34}}},"fnMap":{"0":{"name":"(anonymous_0)","decl":{"start":{"line":2,"column":17},"end":{"line":2,"column":18}},"loc":{"start":{"line":2,"column":35},"end":{"line":12,"column":5}},"line":2},"1":{"name":"(anonymous_1)","decl":{"start":{"line":13,"column":18},"end":{"line":13,"column":19}},"loc":{"start":{"line":13,"column":36},"end":{"line":19,"column":5}},"line":13},"2":{"name":"(anonymous_2)","decl":{"start":{"line":20,"column":23},"end":{"line":20,"column":24}},"loc":{"start":{"line":20,"column":35},"end":{"line":26,"column":5}},"line":20}},"branchMap":{"0":{"loc":{"start":{"line":4,"column":12},"end":{"line":6,"column":13}},"type":"if","locations":[{"start":{"line":4,"column":12},"end":{"line":6,"column":13}},{"start":{},"end":{}}],"line":4}},"s":{"0":1,"1":0,"2":0,"3":0,"4":0,"5":0,"6":0,"7":0,"8":0,"9":0,"10":0,"11":0,"12":0,"13":1},"f":{"0":0,"1":0,"2":0},"b":{"0":[0,0]},"_coverageSchema":"1a1c01bbd47fc00a2c39e90264f33305004495a9","hash":"1e5ac9ca05b60fbcb35516b05d60f0f917081630"}
,"/home/breno/Área de Trabalho/testesBack/back-end/src/services/clienteService.js": {"path":"/home/breno/Área de Trabalho/testesBack/back-end/src/services/clienteService.js","statementMap":{"0":{"start":{"line":1,"column":26},"end":{"line":1,"column":70}},"1":{"start":{"line":2,"column":30},"end":{"line":2,"column":74}},"2":{"start":{"line":3,"column":29},"end":{"line":3,"column":76}},"3":{"start":{"line":5,"column":23},"end":{"line":60,"column":1}},"4":{"start":{"line":7,"column":8},"end":{"line":44,"column":9}},"5":{"start":{"line":9,"column":12},"end":{"line":40,"column":13}},"6":{"start":{"line":10,"column":44},"end":{"line":10,"column":51}},"7":{"start":{"line":12,"column":29},"end":{"line":12,"column":109}},"8":{"start":{"line":13,"column":16},"end":{"line":15,"column":17}},"9":{"start":{"line":14,"column":20},"end":{"line":14,"column":102}},"10":{"start":{"line":17,"column":16},"end":{"line":19,"column":17}},"11":{"start":{"line":18,"column":20},"end":{"line":18,"column":80}},"12":{"start":{"line":21,"column":16},"end":{"line":23,"column":17}},"13":{"start":{"line":22,"column":20},"end":{"line":22,"column":83}},"14":{"start":{"line":25,"column":16},"end":{"line":25,"column":88}},"15":{"start":{"line":26,"column":33},"end":{"line":26,"column":78}},"16":{"start":{"line":27,"column":16},"end":{"line":27,"column":85}},"17":{"start":{"line":30,"column":17},"end":{"line":40,"column":13}},"18":{"start":{"line":31,"column":16},"end":{"line":31,"column":87}},"19":{"start":{"line":34,"column":17},"end":{"line":40,"column":13}},"20":{"start":{"line":35,"column":16},"end":{"line":35,"column":78}},"21":{"start":{"line":38,"column":17},"end":{"line":40,"column":13}},"22":{"start":{"line":39,"column":16},"end":{"line":39,"column":64}},"23":{"start":{"line":43,"column":12},"end":{"line":43,"column":63}},"24":{"start":{"line":48,"column":8},"end":{"line":53,"column":9}},"25":{"start":{"line":49,"column":12},"end":{"line":49,"column":65}},"26":{"start":{"line":52,"column":12},"end":{"line":52,"column":24}},"27":{"start":{"line":57,"column":8},"end":{"line":57,"column":42}},"28":{"start":{"line":58,"column":8},"end":{"line":58,"column":14}},"29":{"start":{"line":62,"column":0},"end":{"line":62,"column":32}}},"fnMap":{"0":{"name":"(anonymous_0)","decl":{"start":{"line":6,"column":18},"end":{"line":6,"column":19}},"loc":{"start":{"line":6,"column":37},"end":{"line":45,"column":5}},"line":6},"1":{"name":"(anonymous_1)","decl":{"start":{"line":47,"column":19},"end":{"line":47,"column":20}},"loc":{"start":{"line":47,"column":30},"end":{"line":54,"column":5}},"line":47},"2":{"name":"(anonymous_2)","decl":{"start":{"line":56,"column":20},"end":{"line":56,"column":21}},"loc":{"start":{"line":56,"column":33},"end":{"line":59,"column":5}},"line":56}},"branchMap":{"0":{"loc":{"start":{"line":9,"column":12},"end":{"line":40,"column":13}},"type":"if","locations":[{"start":{"line":9,"column":12},"end":{"line":40,"column":13}},{"start":{"line":30,"column":17},"end":{"line":40,"column":13}}],"line":9},"1":{"loc":{"start":{"line":9,"column":16},"end":{"line":9,"column":154}},"type":"binary-expr","locations":[{"start":{"line":9,"column":16},"end":{"line":9,"column":64}},{"start":{"line":9,"column":68},"end":{"line":9,"column":122}},{"start":{"line":9,"column":126},"end":{"line":9,"column":154}}],"line":9},"2":{"loc":{"start":{"line":13,"column":16},"end":{"line":15,"column":17}},"type":"if","locations":[{"start":{"line":13,"column":16},"end":{"line":15,"column":17}},{"start":{},"end":{}}],"line":13},"3":{"loc":{"start":{"line":17,"column":16},"end":{"line":19,"column":17}},"type":"if","locations":[{"start":{"line":17,"column":16},"end":{"line":19,"column":17}},{"start":{},"end":{}}],"line":17},"4":{"loc":{"start":{"line":21,"column":16},"end":{"line":23,"column":17}},"type":"if","locations":[{"start":{"line":21,"column":16},"end":{"line":23,"column":17}},{"start":{},"end":{}}],"line":21},"5":{"loc":{"start":{"line":30,"column":17},"end":{"line":40,"column":13}},"type":"if","locations":[{"start":{"line":30,"column":17},"end":{"line":40,"column":13}},{"start":{"line":34,"column":17},"end":{"line":40,"column":13}}],"line":30},"6":{"loc":{"start":{"line":30,"column":21},"end":{"line":30,"column":163}},"type":"binary-expr","locations":[{"start":{"line":30,"column":22},"end":{"line":30,"column":77}},{"start":{"line":30,"column":81},"end":{"line":30,"column":109}},{"start":{"line":30,"column":114},"end":{"line":30,"column":163}}],"line":30},"7":{"loc":{"start":{"line":34,"column":17},"end":{"line":40,"column":13}},"type":"if","locations":[{"start":{"line":34,"column":17},"end":{"line":40,"column":13}},{"start":{"line":38,"column":17},"end":{"line":40,"column":13}}],"line":34},"8":{"loc":{"start":{"line":34,"column":21},"end":{"line":34,"column":108}},"type":"binary-expr","locations":[{"start":{"line":34,"column":21},"end":{"line":34,"column":76}},{"start":{"line":34,"column":80},"end":{"line":34,"column":108}}],"line":34},"9":{"loc":{"start":{"line":38,"column":17},"end":{"line":40,"column":13}},"type":"if","locations":[{"start":{"line":38,"column":17},"end":{"line":40,"column":13}},{"start":{},"end":{}}],"line":38}},"s":{"0":1,"1":1,"2":1,"3":1,"4":5,"5":5,"6":3,"7":3,"8":2,"9":1,"10":1,"11":0,"12":1,"13":0,"14":1,"15":1,"16":1,"17":2,"18":0,"19":2,"20":1,"21":1,"22":1,"23":1,"24":1,"25":1,"26":0,"27":1,"28":1,"29":1},"f":{"0":5,"1":1,"2":1},"b":{"0":[3,2],"1":[5,4,3],"2":[1,1],"3":[0,1],"4":[0,1],"5":[0,2],"6":[2,1,1],"7":[1,1],"8":[2,1],"9":[1,0]},"_coverageSchema":"1a1c01bbd47fc00a2c39e90264f33305004495a9","hash":"8de9ae92d5d8913ff51d32843402f1d95660033e"}
,"/home/breno/Área de Trabalho/testesBack/back-end/src/services/quadraService.js": {"path":"/home/breno/Área de Trabalho/testesBack/back-end/src/services/quadraService.js","statementMap":{"0":{"start":{"line":1,"column":25},"end":{"line":1,"column":68}},"1":{"start":{"line":3,"column":21},"end":{"line":29,"column":1}},"2":{"start":{"line":5,"column":8},"end":{"line":18,"column":9}},"3":{"start":{"line":6,"column":29},"end":{"line":6,"column":89}},"4":{"start":{"line":8,"column":12},"end":{"line":14,"column":13}},"5":{"start":{"line":9,"column":16},"end":{"line":9,"column":71}},"6":{"start":{"line":12,"column":16},"end":{"line":12,"column":58}},"7":{"start":{"line":13,"column":16},"end":{"line":13,"column":81}},"8":{"start":{"line":17,"column":12},"end":{"line":17,"column":47}},"9":{"start":{"line":22,"column":8},"end":{"line":27,"column":9}},"10":{"start":{"line":23,"column":12},"end":{"line":23,"column":81}},"11":{"start":{"line":26,"column":12},"end":{"line":26,"column":47}},"12":{"start":{"line":31,"column":0},"end":{"line":31,"column":29}}},"fnMap":{"0":{"name":"(anonymous_0)","decl":{"start":{"line":4,"column":17},"end":{"line":4,"column":18}},"loc":{"start":{"line":4,"column":34},"end":{"line":19,"column":5}},"line":4},"1":{"name":"(anonymous_1)","decl":{"start":{"line":21,"column":23},"end":{"line":21,"column":24}},"loc":{"start":{"line":21,"column":34},"end":{"line":28,"column":5}},"line":21}},"branchMap":{"0":{"loc":{"start":{"line":8,"column":12},"end":{"line":14,"column":13}},"type":"if","locations":[{"start":{"line":8,"column":12},"end":{"line":14,"column":13}},{"start":{"line":11,"column":17},"end":{"line":14,"column":13}}],"line":8}},"s":{"0":1,"1":1,"2":3,"3":3,"4":2,"5":1,"6":1,"7":1,"8":1,"9":2,"10":2,"11":1,"12":1},"f":{"0":3,"1":2},"b":{"0":[1,1]},"_coverageSchema":"1a1c01bbd47fc00a2c39e90264f33305004495a9","hash":"ba1a2a15198c48fc9d16f83aa4209166880ca9dc"}
,"/home/breno/Área de Trabalho/testesBack/back-end/src/services/serivcoService.js": {"path":"/home/breno/Área de Trabalho/testesBack/back-end/src/services/serivcoService.js","statementMap":{"0":{"start":{"line":1,"column":26},"end":{"line":1,"column":70}},"1":{"start":{"line":3,"column":23},"end":{"line":27,"column":1}},"2":{"start":{"line":5,"column":8},"end":{"line":18,"column":9}},"3":{"start":{"line":6,"column":29},"end":{"line":6,"column":100}},"4":{"start":{"line":8,"column":12},"end":{"line":14,"column":13}},"5":{"start":{"line":9,"column":16},"end":{"line":9,"column":63}},"6":{"start":{"line":12,"column":16},"end":{"line":12,"column":62}},"7":{"start":{"line":13,"column":16},"end":{"line":13,"column":71}},"8":{"start":{"line":17,"column":12},"end":{"line":17,"column":63}},"9":{"start":{"line":21,"column":8},"end":{"line":25,"column":9}},"10":{"start":{"line":22,"column":12},"end":{"line":22,"column":84}},"11":{"start":{"line":24,"column":12},"end":{"line":24,"column":63}},"12":{"start":{"line":29,"column":0},"end":{"line":29,"column":31}}},"fnMap":{"0":{"name":"(anonymous_0)","decl":{"start":{"line":4,"column":18},"end":{"line":4,"column":19}},"loc":{"start":{"line":4,"column":36},"end":{"line":19,"column":5}},"line":4},"1":{"name":"(anonymous_1)","decl":{"start":{"line":20,"column":25},"end":{"line":20,"column":26}},"loc":{"start":{"line":20,"column":36},"end":{"line":26,"column":5}},"line":20}},"branchMap":{"0":{"loc":{"start":{"line":8,"column":12},"end":{"line":14,"column":13}},"type":"if","locations":[{"start":{"line":8,"column":12},"end":{"line":14,"column":13}},{"start":{"line":11,"column":19},"end":{"line":14,"column":13}}],"line":8}},"s":{"0":1,"1":1,"2":3,"3":3,"4":2,"5":1,"6":1,"7":1,"8":1,"9":2,"10":2,"11":1,"12":1},"f":{"0":3,"1":2},"b":{"0":[1,1]},"_coverageSchema":"1a1c01bbd47fc00a2c39e90264f33305004495a9","hash":"86a9c324fcea431909dfe8868e5345bac5817a8a"}
,"/home/breno/Área de Trabalho/testesBack/back-end/utils/criptografarSenhaUtil.js": {"path":"/home/breno/Área de Trabalho/testesBack/back-end/utils/criptografarSenhaUtil.js","statementMap":{"0":{"start":{"line":1,"column":15},"end":{"line":1,"column":32}},"1":{"start":{"line":2,"column":26},"end":{"line":13,"column":1}},"2":{"start":{"line":4,"column":8},"end":{"line":11,"column":9}},"3":{"start":{"line":5,"column":31},"end":{"line":5,"column":33}},"4":{"start":{"line":6,"column":30},"end":{"line":6,"column":66}},"5":{"start":{"line":7,"column":12},"end":{"line":7,"column":28}},"6":{"start":{"line":10,"column":12},"end":{"line":10,"column":24}},"7":{"start":{"line":14,"column":0},"end":{"line":14,"column":34}}},"fnMap":{"0":{"name":"(anonymous_0)","decl":{"start":{"line":3,"column":18},"end":{"line":3,"column":19}},"loc":{"start":{"line":3,"column":34},"end":{"line":12,"column":5}},"line":3}},"branchMap":{},"s":{"0":1,"1":1,"2":0,"3":0,"4":0,"5":0,"6":0,"7":1},"f":{"0":0},"b":{},"_coverageSchema":"1a1c01bbd47fc00a2c39e90264f33305004495a9","hash":"30ba25b9ab7d2b10ca48ee4103ea9c3a1e29e2a3"}
,"/home/breno/Área de Trabalho/testesBack/back-end/utils/formatoHora.js": {"path":"/home/breno/Área de Trabalho/testesBack/back-end/utils/formatoHora.js","statementMap":{"0":{"start":{"line":1,"column":34},"end":{"line":1,"column":62}},"1":{"start":{"line":3,"column":20},"end":{"line":33,"column":1}},"2":{"start":{"line":7,"column":26},"end":{"line":7,"column":45}},"3":{"start":{"line":10,"column":33},"end":{"line":10,"column":77}},"4":{"start":{"line":11,"column":28},"end":{"line":11,"column":61}},"5":{"start":{"line":12,"column":28},"end":{"line":12,"column":61}},"6":{"start":{"line":13,"column":29},"end":{"line":13,"column":59}},"7":{"start":{"line":15,"column":8},"end":{"line":17,"column":9}},"8":{"start":{"line":16,"column":12},"end":{"line":16,"column":31}},"9":{"start":{"line":20,"column":29},"end":{"line":20,"column":58}},"10":{"start":{"line":21,"column":25},"end":{"line":21,"column":27}},"11":{"start":{"line":22,"column":35},"end":{"line":22,"column":37}},"12":{"start":{"line":25,"column":8},"end":{"line":29,"column":9}},"13":{"start":{"line":25,"column":21},"end":{"line":25,"column":22}},"14":{"start":{"line":26,"column":29},"end":{"line":26,"column":53}},"15":{"start":{"line":27,"column":12},"end":{"line":27,"column":57}},"16":{"start":{"line":28,"column":12},"end":{"line":28,"column":39}},"17":{"start":{"line":31,"column":8},"end":{"line":31,"column":93}},"18":{"start":{"line":35,"column":0},"end":{"line":35,"column":37}}},"fnMap":{"0":{"name":"(anonymous_0)","decl":{"start":{"line":4,"column":12},"end":{"line":4,"column":13}},"loc":{"start":{"line":4,"column":24},"end":{"line":32,"column":5}},"line":4}},"branchMap":{"0":{"loc":{"start":{"line":15,"column":8},"end":{"line":17,"column":9}},"type":"if","locations":[{"start":{"line":15,"column":8},"end":{"line":17,"column":9}},{"start":{},"end":{}}],"line":15}},"s":{"0":1,"1":1,"2":1,"3":1,"4":0,"5":0,"6":0,"7":0,"8":0,"9":0,"10":0,"11":0,"12":0,"13":0,"14":0,"15":0,"16":0,"17":0,"18":1},"f":{"0":1},"b":{"0":[0,0]},"_coverageSchema":"1a1c01bbd47fc00a2c39e90264f33305004495a9","hash":"154838868f4ef21b879a6e02a5c7a49bd27dff23"}
,"/home/breno/Área de Trabalho/testesBack/back-end/utils/validarEmailTelefoneUtil.js": {"path":"/home/breno/Área de Trabalho/testesBack/back-end/utils/validarEmailTelefoneUtil.js","statementMap":{"0":{"start":{"line":1,"column":29},"end":{"line":11,"column":1}},"1":{"start":{"line":3,"column":32},"end":{"line":3,"column":59}},"2":{"start":{"line":4,"column":8},"end":{"line":4,"column":45}},"3":{"start":{"line":8,"column":29},"end":{"line":8,"column":43}},"4":{"start":{"line":9,"column":8},"end":{"line":9,"column":39}},"5":{"start":{"line":13,"column":0},"end":{"line":13,"column":37}}},"fnMap":{"0":{"name":"(anonymous_0)","decl":{"start":{"line":2,"column":21},"end":{"line":2,"column":22}},"loc":{"start":{"line":2,"column":34},"end":{"line":5,"column":5}},"line":2},"1":{"name":"(anonymous_1)","decl":{"start":{"line":7,"column":18},"end":{"line":7,"column":19}},"loc":{"start":{"line":7,"column":28},"end":{"line":10,"column":5}},"line":7}},"branchMap":{},"s":{"0":1,"1":0,"2":0,"3":0,"4":0,"5":1},"f":{"0":0,"1":0},"b":{},"_coverageSchema":"1a1c01bbd47fc00a2c39e90264f33305004495a9","hash":"07051dcdd6ca0fc8bf2311422fe0d163be4f34e5"}
}
