TN:
SF:controllers/agendamentoController.js
FN:9,(anonymous_0)
FN:54,(anonymous_1)
FN:61,(anonymous_2)
FN:72,(anonymous_3)
FN:72,(anonymous_4)
FN:74,(anonymous_5)
FN:78,(anonymous_6)
FN:80,(anonymous_7)
FN:81,(anonymous_8)
FN:88,(anonymous_9)
FN:102,(anonymous_10)
FN:133,(anonymous_11)
FNF:12
FNH:1
FNDA:2,(anonymous_0)
FNDA:0,(anonymous_1)
FNDA:0,(anonymous_2)
FNDA:0,(anonymous_3)
FNDA:0,(anonymous_4)
FNDA:0,(anonymous_5)
FNDA:0,(anonymous_6)
FNDA:0,(anonymous_7)
FNDA:0,(anonymous_8)
FNDA:0,(anonymous_9)
FNDA:0,(anonymous_10)
FNDA:0,(anonymous_11)
DA:1,1
DA:2,1
DA:3,1
DA:4,1
DA:5,1
DA:6,1
DA:8,1
DA:10,2
DA:11,2
DA:12,2
DA:14,2
DA:15,1
DA:17,1
DA:19,1
DA:20,1
DA:21,2
DA:30,2
DA:31,2
DA:33,1
DA:35,0
DA:44,0
DA:45,0
DA:46,0
DA:50,1
DA:55,0
DA:56,0
DA:57,0
DA:58,0
DA:59,0
DA:60,0
DA:61,0
DA:63,0
DA:65,0
DA:66,0
DA:68,0
DA:72,0
DA:74,0
DA:75,0
DA:78,0
DA:80,0
DA:81,0
DA:83,0
DA:84,0
DA:88,0
DA:90,0
DA:91,0
DA:94,0
DA:98,0
DA:103,0
DA:104,0
DA:106,0
DA:108,0
DA:109,0
DA:111,0
DA:112,0
DA:113,0
DA:124,0
DA:126,0
DA:129,0
DA:134,0
DA:135,0
DA:136,0
DA:138,0
DA:139,0
DA:141,0
DA:142,0
DA:143,0
DA:144,0
DA:146,0
DA:155,0
DA:158,0
DA:163,1
LF:72
LH:21
BRDA:19,0,0,1
BRDA:19,0,1,0
BRDA:66,1,0,0
BRDA:66,1,1,0
BRDA:81,2,0,0
BRDA:81,2,1,0
BRDA:83,3,0,0
BRDA:83,3,1,0
BRDA:83,4,0,0
BRDA:83,4,1,0
BRF:10
BRH:1
end_of_record
TN:
SF:controllers/horarioController.js
FN:6,(anonymous_0)
FN:25,(anonymous_1)
FN:56,(anonymous_2)
FN:66,(anonymous_3)
FN:97,(anonymous_4)
FN:108,(anonymous_5)
FN:113,(anonymous_6)
FN:130,(anonymous_7)
FN:137,(anonymous_8)
FNF:9
FNH:9
FNDA:3,(anonymous_0)
FNDA:2,(anonymous_1)
FNDA:2,(anonymous_2)
FNDA:2,(anonymous_3)
FNDA:2,(anonymous_4)
FNDA:2,(anonymous_5)
FNDA:2,(anonymous_6)
FNDA:4,(anonymous_7)
FNDA:1,(anonymous_8)
DA:1,1
DA:2,1
DA:5,1
DA:7,3
DA:8,3
DA:9,3
DA:11,2
DA:12,1
DA:15,1
DA:16,3
DA:18,1
DA:21,1
DA:26,2
DA:27,2
DA:28,2
DA:29,2
DA:31,2
DA:32,1
DA:33,1
DA:34,1
DA:36,1
DA:37,0
DA:43,1
DA:44,1
DA:48,0
DA:52,1
DA:57,2
DA:58,2
DA:59,2
DA:60,2
DA:61,2
DA:63,2
DA:64,1
DA:66,1
DA:69,2
DA:70,0
DA:71,0
DA:74,2
DA:75,2
DA:79,2
DA:80,2
DA:82,2
DA:84,2
DA:86,2
DA:87,16
DA:90,16
DA:91,0
DA:94,2
DA:97,1
DA:98,2
DA:101,1
DA:104,1
DA:109,2
DA:110,2
DA:113,2
DA:114,2
DA:115,2
DA:119,0
DA:123,1
DA:126,1
DA:131,4
DA:132,4
DA:133,4
DA:134,4
DA:135,3
DA:137,3
DA:138,1
DA:139,0
DA:142,1
DA:145,3
DA:150,1
LF:71
LH:64
BRDA:11,0,0,1
BRDA:11,0,1,1
BRDA:36,1,0,0
BRDA:36,1,1,1
BRDA:43,2,0,1
BRDA:43,2,1,0
BRDA:43,3,0,1
BRDA:43,3,1,1
BRDA:69,4,0,0
BRDA:69,4,1,2
BRDA:79,5,0,0
BRDA:79,5,1,2
BRDA:90,6,0,0
BRDA:90,6,1,16
BRDA:114,7,0,2
BRDA:114,7,1,0
BRDA:138,8,0,0
BRDA:138,8,1,1
BRF:18
BRH:11
end_of_record
TN:
SF:models/agendamento.js
FNF:0
FNH:0
DA:1,2
DA:2,2
DA:4,2
DA:57,2
DA:59,2
LF:5
LH:5
BRF:0
BRH:0
end_of_record
TN:
SF:models/cliente.js
FNF:0
FNH:0
DA:1,2
DA:2,2
DA:4,2
DA:46,2
DA:48,2
LF:5
LH:5
BRF:0
BRH:0
end_of_record
TN:
SF:models/horario.js
FNF:0
FNH:0
DA:1,4
DA:2,4
DA:4,4
DA:37,4
DA:39,4
LF:5
LH:5
BRF:0
BRH:0
end_of_record
TN:
SF:models/horarioDiaVariavel.js
FNF:0
FNH:0
DA:1,1
DA:2,1
DA:4,1
DA:25,1
DA:27,1
LF:5
LH:5
BRF:0
BRH:0
end_of_record
TN:
SF:models/quadra.js
FNF:0
FNH:0
DA:1,3
DA:2,3
DA:3,3
DA:5,3
DA:18,3
DA:20,3
LF:6
LH:6
BRF:0
BRH:0
end_of_record
TN:
SF:models/quadraServico.js
FNF:0
FNH:0
DA:1,1
DA:2,1
DA:4,1
DA:21,1
DA:23,1
LF:5
LH:5
BRF:0
BRH:0
end_of_record
TN:
SF:models/servico.js
FNF:0
FNH:0
DA:1,4
DA:2,4
DA:4,4
DA:34,4
DA:36,4
LF:5
LH:5
BRF:0
BRH:0
end_of_record
TN:
SF:src/repositories/ServicoRepository.js
FN:4,(anonymous_0)
FN:14,(anonymous_1)
FN:24,(anonymous_2)
FNF:3
FNH:0
FNDA:0,(anonymous_0)
FNDA:0,(anonymous_1)
FNDA:0,(anonymous_2)
DA:1,1
DA:3,1
DA:5,0
DA:6,0
DA:7,0
DA:10,0
DA:15,0
DA:16,0
DA:17,0
DA:20,0
DA:25,0
DA:26,0
DA:27,0
DA:30,0
DA:35,1
LF:15
LH:3
BRF:0
BRH:0
end_of_record
TN:
SF:src/repositories/clienteRepository.js
FN:4,(anonymous_0)
FN:15,(anonymous_1)
FN:25,(anonymous_2)
FN:36,(anonymous_3)
FN:46,(anonymous_4)
FNF:5
FNH:0
FNDA:0,(anonymous_0)
FNDA:0,(anonymous_1)
FNDA:0,(anonymous_2)
FNDA:0,(anonymous_3)
FNDA:0,(anonymous_4)
DA:1,1
DA:3,1
DA:5,0
DA:6,0
DA:7,0
DA:10,0
DA:16,0
DA:17,0
DA:20,0
DA:26,0
DA:27,0
DA:28,0
DA:31,0
DA:37,0
DA:38,0
DA:39,0
DA:42,0
DA:47,0
DA:48,0
DA:51,0
DA:55,1
LF:21
LH:3
BRF:0
BRH:0
end_of_record
TN:
SF:src/repositories/quadraRepository.js
FN:2,(anonymous_0)
FN:13,(anonymous_1)
FN:20,(anonymous_2)
FNF:3
FNH:0
FNDA:0,(anonymous_0)
FNDA:0,(anonymous_1)
FNDA:0,(anonymous_2)
DA:1,1
DA:3,0
DA:4,0
DA:5,0
DA:7,0
DA:8,0
DA:10,0
DA:14,0
DA:15,0
DA:17,0
DA:21,0
DA:22,0
DA:24,0
DA:29,1
LF:14
LH:2
BRDA:4,0,0,0
BRDA:4,0,1,0
BRF:2
BRH:0
end_of_record
TN:
SF:src/services/clienteService.js
FN:6,(anonymous_0)
FN:47,(anonymous_1)
FN:56,(anonymous_2)
FNF:3
FNH:3
FNDA:5,(anonymous_0)
FNDA:1,(anonymous_1)
FNDA:1,(anonymous_2)
DA:1,1
DA:2,1
DA:3,1
DA:5,1
DA:7,5
DA:9,5
DA:10,3
DA:12,3
DA:13,2
DA:14,1
DA:17,1
DA:18,0
DA:21,1
DA:22,0
DA:25,1
DA:26,1
DA:27,1
DA:30,2
DA:31,0
DA:34,2
DA:35,1
DA:38,1
DA:39,1
DA:43,1
DA:48,1
DA:49,1
DA:52,0
DA:57,1
DA:58,1
DA:62,1
LF:30
LH:26
BRDA:9,0,0,3
BRDA:9,0,1,2
BRDA:9,1,0,5
BRDA:9,1,1,4
BRDA:9,1,2,3
BRDA:13,2,0,1
BRDA:13,2,1,1
BRDA:17,3,0,0
BRDA:17,3,1,1
BRDA:21,4,0,0
BRDA:21,4,1,1
BRDA:30,5,0,0
BRDA:30,5,1,2
BRDA:30,6,0,2
BRDA:30,6,1,1
BRDA:30,6,2,1
BRDA:34,7,0,1
BRDA:34,7,1,1
BRDA:34,8,0,2
BRDA:34,8,1,1
BRDA:38,9,0,1
BRDA:38,9,1,0
BRF:22
BRH:18
end_of_record
TN:
SF:src/services/quadraService.js
FN:4,(anonymous_0)
FN:21,(anonymous_1)
FNF:2
FNH:2
FNDA:3,(anonymous_0)
FNDA:2,(anonymous_1)
DA:1,1
DA:3,1
DA:5,3
DA:6,3
DA:8,2
DA:9,1
DA:12,1
DA:13,1
DA:17,1
DA:22,2
DA:23,2
DA:26,1
DA:31,1
LF:13
LH:13
BRDA:8,0,0,1
BRDA:8,0,1,1
BRF:2
BRH:2
end_of_record
TN:
SF:src/services/serivcoService.js
FN:4,(anonymous_0)
FN:20,(anonymous_1)
FNF:2
FNH:2
FNDA:3,(anonymous_0)
FNDA:2,(anonymous_1)
DA:1,1
DA:3,1
DA:5,3
DA:6,3
DA:8,2
DA:9,1
DA:12,1
DA:13,1
DA:17,1
DA:21,2
DA:22,2
DA:24,1
DA:29,1
LF:13
LH:13
BRDA:8,0,0,1
BRDA:8,0,1,1
BRF:2
BRH:2
end_of_record
TN:
SF:utils/criptografarSenhaUtil.js
FN:3,(anonymous_0)
FNF:1
FNH:0
FNDA:0,(anonymous_0)
DA:1,1
DA:2,1
DA:4,0
DA:5,0
DA:6,0
DA:7,0
DA:10,0
DA:14,1
LF:8
LH:3
BRF:0
BRH:0
end_of_record
TN:
SF:utils/formatoHora.js
FN:4,(anonymous_0)
FNF:1
FNH:1
FNDA:1,(anonymous_0)
DA:1,1
DA:3,1
DA:7,1
DA:10,1
DA:11,0
DA:12,0
DA:13,0
DA:15,0
DA:16,0
DA:20,0
DA:21,0
DA:22,0
DA:25,0
DA:26,0
DA:27,0
DA:28,0
DA:31,0
DA:35,1
LF:18
LH:5
BRDA:15,0,0,0
BRDA:15,0,1,0
BRF:2
BRH:0
end_of_record
TN:
SF:utils/validarEmailTelefoneUtil.js
FN:2,(anonymous_0)
FN:7,(anonymous_1)
FNF:2
FNH:0
FNDA:0,(anonymous_0)
FNDA:0,(anonymous_1)
DA:1,1
DA:3,0
DA:4,0
DA:8,0
DA:9,0
DA:13,1
LF:6
LH:2
BRF:0
BRH:0
end_of_record
